This file contains any messages produced by compilers while
running configure, to aid debugging if configure makes a mistake.

It was created by libjpeg configure 8.0.1, which was
generated by GNU Autoconf 2.65.  Invocation command line was

  $ ./configure 

## --------- ##
## Platform. ##
## --------- ##

hostname = xxx
uname -m = x86_64
uname -r = 14.1.0
uname -s = Darwin
uname -v = Darwin Kernel Version 14.1.0: Mon Dec 22 23:10:38 PST 2014; root:xnu-2782.10.72~2/RELEASE_X86_64

/usr/bin/uname -p = i386
/bin/uname -X     = unknown

/bin/arch              = unknown
/usr/bin/arch -k       = unknown
/usr/convex/getsysinfo = unknown
/usr/bin/hostinfo      = Mach kernel version:
	 Darwin Kernel Version 14.1.0: Mon Dec 22 23:10:38 PST 2014; root:xnu-2782.10.72~2/RELEASE_X86_64
Kernel configured for up to 4 processors.
2 processors are physically available.
4 processors are logically available.
Processor type: i486 (Intel 80486)
Processors active: 0 1 2 3
Primary memory available: 8.00 gigabytes
Default processor set: 224 tasks, 934 threads, 4 processors
Load average: 1.94, Mach factor: 2.04
/bin/machine           = unknown
/usr/bin/oslevel       = unknown
/bin/universe          = unknown

PATH: /Users/louis/Projects/emscripten/emsdk_portable/emscripten/tag-1.34.1/system/bin
PATH: /Users/louis/Projects/emscripten/emsdk_portable
PATH: /Users/louis/Projects/emscripten/emsdk_portable/clang/tag-e1.34.1/build_tag-e1.34.1_64/bin
PATH: /Users/louis/Projects/emscripten/emsdk_portable/node/0.10.18_64bit/bin
PATH: /Users/louis/Projects/emscripten/emsdk_portable/emscripten/tag-1.34.1
PATH: /usr/local/heroku/bin
PATH: /usr/local/share/npm/bin/
PATH: /usr/bin
PATH: /bin
PATH: /usr/sbin
PATH: /sbin
PATH: /usr/local/bin


## ----------- ##
## Core tests. ##
## ----------- ##

configure:2361: checking build system type
configure:2375: result: x86_64-apple-darwin14.1.0
configure:2395: checking host system type
configure:2408: result: x86_64-apple-darwin14.1.0
configure:2428: checking target system type
configure:2441: result: x86_64-apple-darwin14.1.0
configure:2486: checking for a BSD-compatible install
configure:2554: result: /usr/bin/install -c
configure:2565: checking whether build environment is sane
configure:2615: result: yes
configure:2756: checking for a thread-safe mkdir -p
configure:2795: result: ./install-sh -c -d
configure:2808: checking for gawk
configure:2838: result: no
configure:2808: checking for mawk
configure:2838: result: no
configure:2808: checking for nawk
configure:2838: result: no
configure:2808: checking for awk
configure:2824: found /usr/bin/awk
configure:2835: result: awk
configure:2846: checking whether make sets $(MAKE)
configure:2868: result: yes
configure:2978: checking for style of include used by make
configure:3006: result: GNU
configure:3076: checking for gcc
configure:3103: result: /Users/louis/Projects/emscripten/emsdk_portable/emscripten/tag-1.34.1/emcc
configure:3332: checking for C compiler version
configure:3341: /Users/louis/Projects/emscripten/emsdk_portable/emscripten/tag-1.34.1/emcc --version >&5
emcc (Emscripten gcc/clang-like replacement) 1.34.1 ()
Copyright (C) 2014 the Emscripten authors (see AUTHORS.txt)
This is free and open source software under the MIT license.
There is NO warranty; not even for MERCHANTABILITY or FITNESS FOR A PARTICULAR PURPOSE.
  
configure:3352: $? = 0
configure:3341: /Users/louis/Projects/emscripten/emsdk_portable/emscripten/tag-1.34.1/emcc -v >&5
emcc (Emscripten gcc/clang-like replacement + linker emulating GNU ld) 1.34.1
clang version 3.7.0 
Target: x86_64-apple-darwin14.1.0
Thread model: posix
INFO     root: [32m(Emscripten: Running sanity checks)[0m
configure:3352: $? = 0
configure:3341: /Users/louis/Projects/emscripten/emsdk_portable/emscripten/tag-1.34.1/emcc -V >&5
ERROR    root: [31mno input files
note that input files without a known suffix are ignored, make sure your input files end with one of: ('.c', '.C', '.i', '.cpp', '.cxx', '.cc', '.c++', '.CPP', '.CXX', '.CC', '.C++', '.ii', '.m', '.mi', '.mm', '.mii', '.bc', '.o', '.obj', '.lo', '.dylib', '.so', '.a', '.ll', '.h', '.hxx', '.hpp', '.hh', '.H', '.HXX', '.HPP', '.HH')[0m
configure:3352: $? = 0
configure:3341: /Users/louis/Projects/emscripten/emsdk_portable/emscripten/tag-1.34.1/emcc -qversion >&5
ERROR    root: [31mno input files
note that input files without a known suffix are ignored, make sure your input files end with one of: ('.c', '.C', '.i', '.cpp', '.cxx', '.cc', '.c++', '.CPP', '.CXX', '.CC', '.C++', '.ii', '.m', '.mi', '.mm', '.mii', '.bc', '.o', '.obj', '.lo', '.dylib', '.so', '.a', '.ll', '.h', '.hxx', '.hpp', '.hh', '.H', '.HXX', '.HPP', '.HH')[0m
configure:3352: $? = 0
configure:3372: checking whether the C compiler works
configure:3394: /Users/louis/Projects/emscripten/emsdk_portable/emscripten/tag-1.34.1/emcc    conftest.c  >&5
configure:3398: $? = 0
configure:3447: result: yes
configure:3450: checking for C compiler default output file name
configure:3452: result: a.out
configure:3458: checking for suffix of executables
configure:3465: /Users/louis/Projects/emscripten/emsdk_portable/emscripten/tag-1.34.1/emcc -o conftest    conftest.c  >&5
configure:3469: $? = 0
configure:3491: result: 
configure:3513: checking whether we are cross compiling
configure:3521: /Users/louis/Projects/emscripten/emsdk_portable/emscripten/tag-1.34.1/emcc -o conftest    conftest.c  >&5
configure:3525: $? = 0
configure:3532: ./conftest
configure:3536: $? = 0
configure:3551: result: no
configure:3556: checking for suffix of object files
configure:3578: /Users/louis/Projects/emscripten/emsdk_portable/emscripten/tag-1.34.1/emcc -c   conftest.c >&5
configure:3582: $? = 0
configure:3603: result: o
configure:3607: checking whether we are using the GNU C compiler
configure:3626: /Users/louis/Projects/emscripten/emsdk_portable/emscripten/tag-1.34.1/emcc -c   conftest.c >&5
configure:3626: $? = 0
configure:3635: result: yes
configure:3644: checking whether /Users/louis/Projects/emscripten/emsdk_portable/emscripten/tag-1.34.1/emcc accepts -g
configure:3664: /Users/louis/Projects/emscripten/emsdk_portable/emscripten/tag-1.34.1/emcc -c -g  conftest.c >&5
configure:3664: $? = 0
configure:3705: result: yes
configure:3722: checking for /Users/louis/Projects/emscripten/emsdk_portable/emscripten/tag-1.34.1/emcc option to accept ISO C89
configure:3786: /Users/louis/Projects/emscripten/emsdk_portable/emscripten/tag-1.34.1/emcc  -c   conftest.c >&5
configure:3786: $? = 0
configure:3799: result: none needed
configure:3821: checking dependency style of /Users/louis/Projects/emscripten/emsdk_portable/emscripten/tag-1.34.1/emcc
configure:3931: result: gcc3
configure:3946: checking for function prototypes
configure:3949: result: yes
configure:3968: checking how to run the C preprocessor
configure:3999: /Users/louis/Projects/emscripten/emsdk_portable/emscripten/tag-1.34.1/emcc -E  conftest.c
configure:3999: $? = 0
configure:4013: /Users/louis/Projects/emscripten/emsdk_portable/emscripten/tag-1.34.1/emcc -E  conftest.c
conftest.c:13:10: fatal error: 'ac_nonexistent.h' file not found
#include <ac_nonexistent.h>
         ^
1 error generated.
configure:4013: $? = 1
configure: failed program was:
| /* confdefs.h */
| #define PACKAGE_NAME "libjpeg"
| #define PACKAGE_TARNAME "libjpeg"
| #define PACKAGE_VERSION "8.0.1"
| #define PACKAGE_STRING "libjpeg 8.0.1"
| #define PACKAGE_BUGREPORT ""
| #define PACKAGE_URL ""
| #define PACKAGE "libjpeg"
| #define VERSION "8.0.1"
| #define PROTOTYPES 1
| #define __PROTOTYPES 1
| /* end confdefs.h.  */
| #include <ac_nonexistent.h>
configure:4038: result: /Users/louis/Projects/emscripten/emsdk_portable/emscripten/tag-1.34.1/emcc -E
configure:4058: /Users/louis/Projects/emscripten/emsdk_portable/emscripten/tag-1.34.1/emcc -E  conftest.c
configure:4058: $? = 0
configure:4072: /Users/louis/Projects/emscripten/emsdk_portable/emscripten/tag-1.34.1/emcc -E  conftest.c
conftest.c:13:10: fatal error: 'ac_nonexistent.h' file not found
#include <ac_nonexistent.h>
         ^
1 error generated.
configure:4072: $? = 1
configure: failed program was:
| /* confdefs.h */
| #define PACKAGE_NAME "libjpeg"
| #define PACKAGE_TARNAME "libjpeg"
| #define PACKAGE_VERSION "8.0.1"
| #define PACKAGE_STRING "libjpeg 8.0.1"
| #define PACKAGE_BUGREPORT ""
| #define PACKAGE_URL ""
| #define PACKAGE "libjpeg"
| #define VERSION "8.0.1"
| #define PROTOTYPES 1
| #define __PROTOTYPES 1
| /* end confdefs.h.  */
| #include <ac_nonexistent.h>
configure:4101: checking for grep that handles long lines and -e
configure:4159: result: /usr/bin/grep
configure:4164: checking for egrep
configure:4226: result: /usr/bin/grep -E
configure:4231: checking for ANSI C header files
configure:4251: /Users/louis/Projects/emscripten/emsdk_portable/emscripten/tag-1.34.1/emcc -c   conftest.c >&5
configure:4251: $? = 0
configure:4324: /Users/louis/Projects/emscripten/emsdk_portable/emscripten/tag-1.34.1/emcc -o conftest    conftest.c  >&5
configure:4324: $? = 0
configure:4324: ./conftest
configure:4324: $? = 0
configure:4335: result: yes
configure:4348: checking for sys/types.h
configure:4348: /Users/louis/Projects/emscripten/emsdk_portable/emscripten/tag-1.34.1/emcc -c   conftest.c >&5
configure:4348: $? = 0
configure:4348: result: yes
configure:4348: checking for sys/stat.h
configure:4348: /Users/louis/Projects/emscripten/emsdk_portable/emscripten/tag-1.34.1/emcc -c   conftest.c >&5
configure:4348: $? = 0
configure:4348: result: yes
configure:4348: checking for stdlib.h
configure:4348: /Users/louis/Projects/emscripten/emsdk_portable/emscripten/tag-1.34.1/emcc -c   conftest.c >&5
configure:4348: $? = 0
configure:4348: result: yes
configure:4348: checking for string.h
configure:4348: /Users/louis/Projects/emscripten/emsdk_portable/emscripten/tag-1.34.1/emcc -c   conftest.c >&5
configure:4348: $? = 0
configure:4348: result: yes
configure:4348: checking for memory.h
configure:4348: /Users/louis/Projects/emscripten/emsdk_portable/emscripten/tag-1.34.1/emcc -c   conftest.c >&5
configure:4348: $? = 0
configure:4348: result: yes
configure:4348: checking for strings.h
configure:4348: /Users/louis/Projects/emscripten/emsdk_portable/emscripten/tag-1.34.1/emcc -c   conftest.c >&5
configure:4348: $? = 0
configure:4348: result: yes
configure:4348: checking for inttypes.h
configure:4348: /Users/louis/Projects/emscripten/emsdk_portable/emscripten/tag-1.34.1/emcc -c   conftest.c >&5
configure:4348: $? = 0
configure:4348: result: yes
configure:4348: checking for stdint.h
configure:4348: /Users/louis/Projects/emscripten/emsdk_portable/emscripten/tag-1.34.1/emcc -c   conftest.c >&5
configure:4348: $? = 0
configure:4348: result: yes
configure:4348: checking for unistd.h
configure:4348: /Users/louis/Projects/emscripten/emsdk_portable/emscripten/tag-1.34.1/emcc -c   conftest.c >&5
configure:4348: $? = 0
configure:4348: result: yes
configure:4371: checking for string.h
configure:4371: result: yes
configure:4387: checking whether to enable maintainer-specific portions of Makefiles
configure:4396: result: no
configure:4459: checking for gcc
configure:4486: result: /Users/louis/Projects/emscripten/emsdk_portable/emscripten/tag-1.34.1/emcc
configure:4715: checking for C compiler version
configure:4724: /Users/louis/Projects/emscripten/emsdk_portable/emscripten/tag-1.34.1/emcc --version >&5
emcc (Emscripten gcc/clang-like replacement) 1.34.1 ()
Copyright (C) 2014 the Emscripten authors (see AUTHORS.txt)
This is free and open source software under the MIT license.
There is NO warranty; not even for MERCHANTABILITY or FITNESS FOR A PARTICULAR PURPOSE.
  
configure:4735: $? = 0
configure:4724: /Users/louis/Projects/emscripten/emsdk_portable/emscripten/tag-1.34.1/emcc -v >&5
emcc (Emscripten gcc/clang-like replacement + linker emulating GNU ld) 1.34.1
clang version 3.7.0 
Target: x86_64-apple-darwin14.1.0
Thread model: posix
INFO     root: [32m(Emscripten: Running sanity checks)[0m
configure:4735: $? = 0
configure:4724: /Users/louis/Projects/emscripten/emsdk_portable/emscripten/tag-1.34.1/emcc -V >&5
ERROR    root: [31mno input files
note that input files without a known suffix are ignored, make sure your input files end with one of: ('.c', '.C', '.i', '.cpp', '.cxx', '.cc', '.c++', '.CPP', '.CXX', '.CC', '.C++', '.ii', '.m', '.mi', '.mm', '.mii', '.bc', '.o', '.obj', '.lo', '.dylib', '.so', '.a', '.ll', '.h', '.hxx', '.hpp', '.hh', '.H', '.HXX', '.HPP', '.HH')[0m
configure:4735: $? = 0
configure:4724: /Users/louis/Projects/emscripten/emsdk_portable/emscripten/tag-1.34.1/emcc -qversion >&5
ERROR    root: [31mno input files
note that input files without a known suffix are ignored, make sure your input files end with one of: ('.c', '.C', '.i', '.cpp', '.cxx', '.cc', '.c++', '.CPP', '.CXX', '.CC', '.C++', '.ii', '.m', '.mi', '.mm', '.mii', '.bc', '.o', '.obj', '.lo', '.dylib', '.so', '.a', '.ll', '.h', '.hxx', '.hpp', '.hh', '.H', '.HXX', '.HPP', '.HH')[0m
configure:4735: $? = 0
configure:4739: checking whether we are using the GNU C compiler
configure:4767: result: yes
configure:4776: checking whether /Users/louis/Projects/emscripten/emsdk_portable/emscripten/tag-1.34.1/emcc accepts -g
configure:4837: result: yes
configure:4854: checking for /Users/louis/Projects/emscripten/emsdk_portable/emscripten/tag-1.34.1/emcc option to accept ISO C89
configure:4931: result: none needed
configure:4953: checking dependency style of /Users/louis/Projects/emscripten/emsdk_portable/emscripten/tag-1.34.1/emcc
configure:5063: result: gcc3
configure:5082: checking for /Users/louis/Projects/emscripten/emsdk_portable/emscripten/tag-1.34.1/emcc option to accept ISO C99
configure:5231: /Users/louis/Projects/emscripten/emsdk_portable/emscripten/tag-1.34.1/emcc  -c   conftest.c >&5
configure:5231: $? = 0
configure:5244: result: none needed
configure:5353: checking for /Users/louis/Projects/emscripten/emsdk_portable/emscripten/tag-1.34.1/emcc option to accept ISO Standard C
configure:5364: result: none needed
configure:5376: checking how to run the C preprocessor
configure:5446: result: /Users/louis/Projects/emscripten/emsdk_portable/emscripten/tag-1.34.1/emcc -E
configure:5466: /Users/louis/Projects/emscripten/emsdk_portable/emscripten/tag-1.34.1/emcc -E  conftest.c
configure:5466: $? = 0
configure:5480: /Users/louis/Projects/emscripten/emsdk_portable/emscripten/tag-1.34.1/emcc -E  conftest.c
conftest.c:24:10: fatal error: 'ac_nonexistent.h' file not found
#include <ac_nonexistent.h>
         ^
1 error generated.
configure:5480: $? = 1
configure: failed program was:
| /* confdefs.h */
| #define PACKAGE_NAME "libjpeg"
| #define PACKAGE_TARNAME "libjpeg"
| #define PACKAGE_VERSION "8.0.1"
| #define PACKAGE_STRING "libjpeg 8.0.1"
| #define PACKAGE_BUGREPORT ""
| #define PACKAGE_URL ""
| #define PACKAGE "libjpeg"
| #define VERSION "8.0.1"
| #define PROTOTYPES 1
| #define __PROTOTYPES 1
| #define STDC_HEADERS 1
| #define HAVE_SYS_TYPES_H 1
| #define HAVE_SYS_STAT_H 1
| #define HAVE_STDLIB_H 1
| #define HAVE_STRING_H 1
| #define HAVE_MEMORY_H 1
| #define HAVE_STRINGS_H 1
| #define HAVE_INTTYPES_H 1
| #define HAVE_STDINT_H 1
| #define HAVE_UNISTD_H 1
| #define HAVE_STRING_H 1
| /* end confdefs.h.  */
| #include <ac_nonexistent.h>
configure:5509: checking whether make sets $(MAKE)
configure:5531: result: yes
configure:5540: checking whether ln -s works
configure:5544: result: yes
configure:5560: checking if LD -Wl,--version-script works
configure:5584: /Users/louis/Projects/emscripten/emsdk_portable/emscripten/tag-1.34.1/emcc -o conftest    -Wl,--version-script=conftest.map conftest.c  >&5
configure:5584: $? = 0
configure:5593: result: yes
configure:5606: checking for function prototypes
configure:5633: /Users/louis/Projects/emscripten/emsdk_portable/emscripten/tag-1.34.1/emcc -c   conftest.c >&5
configure:5633: $? = 0
configure:5641: result: yes
configure:5659: checking stddef.h usability
configure:5659: /Users/louis/Projects/emscripten/emsdk_portable/emscripten/tag-1.34.1/emcc -c   conftest.c >&5
configure:5659: $? = 0
configure:5659: result: yes
configure:5659: checking stddef.h presence
configure:5659: /Users/louis/Projects/emscripten/emsdk_portable/emscripten/tag-1.34.1/emcc -E  conftest.c
configure:5659: $? = 0
configure:5659: result: yes
configure:5659: checking for stddef.h
configure:5659: result: yes
configure:5659: checking for stdlib.h
configure:5659: result: yes
configure:5659: checking locale.h usability
configure:5659: /Users/louis/Projects/emscripten/emsdk_portable/emscripten/tag-1.34.1/emcc -c   conftest.c >&5
configure:5659: $? = 0
configure:5659: result: yes
configure:5659: checking locale.h presence
configure:5659: /Users/louis/Projects/emscripten/emsdk_portable/emscripten/tag-1.34.1/emcc -E  conftest.c
configure:5659: $? = 0
configure:5659: result: yes
configure:5659: checking for locale.h
configure:5659: result: yes
configure:5670: checking for string.h
configure:5670: result: yes
configure:5683: checking for size_t
configure:5710: /Users/louis/Projects/emscripten/emsdk_portable/emscripten/tag-1.34.1/emcc -c   conftest.c >&5
configure:5710: $? = 0
configure:5716: result: yes
configure:5750: checking for type unsigned char
configure:5763: /Users/louis/Projects/emscripten/emsdk_portable/emscripten/tag-1.34.1/emcc -c   conftest.c >&5
configure:5763: $? = 0
configure:5764: result: yes
configure:5774: checking for type unsigned short
configure:5787: /Users/louis/Projects/emscripten/emsdk_portable/emscripten/tag-1.34.1/emcc -c   conftest.c >&5
configure:5787: $? = 0
configure:5788: result: yes
configure:5798: checking for type void
configure:5832: /Users/louis/Projects/emscripten/emsdk_portable/emscripten/tag-1.34.1/emcc -c   conftest.c >&5
configure:5832: $? = 0
configure:5833: result: yes
configure:5843: checking for an ANSI C-conforming const
configure:5908: /Users/louis/Projects/emscripten/emsdk_portable/emscripten/tag-1.34.1/emcc -c   conftest.c >&5
configure:5908: $? = 0
configure:5915: result: yes
configure:5925: checking for inline
configure:5940: /Users/louis/Projects/emscripten/emsdk_portable/emscripten/tag-1.34.1/emcc -c   conftest.c >&5
configure:5940: $? = 0
configure:5978: result: __inline__
configure:5987: checking for broken incomplete types
configure:6000: /Users/louis/Projects/emscripten/emsdk_portable/emscripten/tag-1.34.1/emcc -c   conftest.c >&5
configure:6000: $? = 0
configure:6001: result: ok
configure:6013: checking for short external names
configure:6029: /Users/louis/Projects/emscripten/emsdk_portable/emscripten/tag-1.34.1/emcc -o conftest    conftest.c  >&5
configure:6029: $? = 0
configure:6030: result: ok
configure:6043: checking to see if char is signed
configure:6074: /Users/louis/Projects/emscripten/emsdk_portable/emscripten/tag-1.34.1/emcc -o conftest    conftest.c  >&5
conftest.c:43:5: warning: implicitly declaring library function 'printf' with type 'int (const char *, ...)'
    printf("Hmm, it seems 'char' is not eight bits wide on your machine.\n");
    ^
conftest.c:43:5: note: include the header <stdio.h> or explicitly provide a declaration for 'printf'
conftest.c:50:3: warning: implicitly declaring library function 'exit' with type 'void (int) __attribute__((noreturn))'
  exit(is_char_signed((int) signed_char_check));
  ^
conftest.c:50:3: note: include the header <stdlib.h> or explicitly provide a declaration for 'exit'
2 warnings generated.
configure:6074: $? = 0
configure:6074: ./conftest
configure:6074: $? = 1
configure: program exited with status 1
configure: failed program was:
| /* confdefs.h */
| #define PACKAGE_NAME "libjpeg"
| #define PACKAGE_TARNAME "libjpeg"
| #define PACKAGE_VERSION "8.0.1"
| #define PACKAGE_STRING "libjpeg 8.0.1"
| #define PACKAGE_BUGREPORT ""
| #define PACKAGE_URL ""
| #define PACKAGE "libjpeg"
| #define VERSION "8.0.1"
| #define PROTOTYPES 1
| #define __PROTOTYPES 1
| #define STDC_HEADERS 1
| #define HAVE_SYS_TYPES_H 1
| #define HAVE_SYS_STAT_H 1
| #define HAVE_STDLIB_H 1
| #define HAVE_STRING_H 1
| #define HAVE_MEMORY_H 1
| #define HAVE_STRINGS_H 1
| #define HAVE_INTTYPES_H 1
| #define HAVE_STDINT_H 1
| #define HAVE_UNISTD_H 1
| #define HAVE_STRING_H 1
| #define HAVE_PROTOTYPES 1
| #define HAVE_STDDEF_H 1
| #define HAVE_STDLIB_H 1
| #define HAVE_LOCALE_H 1
| #define HAVE_UNSIGNED_CHAR 1
| #define HAVE_UNSIGNED_SHORT 1
| #define INLINE __inline__
| /* end confdefs.h.  */
| 
| #ifdef HAVE_PROTOTYPES
| int is_char_signed (int arg)
| #else
| int is_char_signed (arg)
|      int arg;
| #endif
| {
|   if (arg == 189) {		/* expected result for unsigned char */
|     return 0;			/* type char is unsigned */
|   }
|   else if (arg != -67) {	/* expected result for signed char */
|     printf("Hmm, it seems 'char' is not eight bits wide on your machine.\n");
|     printf("I fear the JPEG software will not work at all.\n\n");
|   }
|   return 1;			/* assume char is signed otherwise */
| }
| char signed_char_check = (char) (-67);
| int main() {
|   exit(is_char_signed((int) signed_char_check));
| }
configure:6081: result: yes
configure:6088: checking to see if right shift is signed
configure:6124: /Users/louis/Projects/emscripten/emsdk_portable/emscripten/tag-1.34.1/emcc -o conftest    conftest.c  >&5
conftest.c:51:3: warning: implicitly declaring library function 'printf' with type 'int (const char *, ...)'
  printf("Right shift isn't acting as I expect it to.\n");
  ^
conftest.c:51:3: note: include the header <stdio.h> or explicitly provide a declaration for 'printf'
conftest.c:56:3: warning: implicitly declaring library function 'exit' with type 'void (int) __attribute__((noreturn))'
  exit(is_shifting_signed(-0x7F7E80B1L));
  ^
conftest.c:56:3: note: include the header <stdlib.h> or explicitly provide a declaration for 'exit'
2 warnings generated.
configure:6124: $? = 0
configure:6124: ./conftest
configure:6124: $? = 1
configure: program exited with status 1
configure: failed program was:
| /* confdefs.h */
| #define PACKAGE_NAME "libjpeg"
| #define PACKAGE_TARNAME "libjpeg"
| #define PACKAGE_VERSION "8.0.1"
| #define PACKAGE_STRING "libjpeg 8.0.1"
| #define PACKAGE_BUGREPORT ""
| #define PACKAGE_URL ""
| #define PACKAGE "libjpeg"
| #define VERSION "8.0.1"
| #define PROTOTYPES 1
| #define __PROTOTYPES 1
| #define STDC_HEADERS 1
| #define HAVE_SYS_TYPES_H 1
| #define HAVE_SYS_STAT_H 1
| #define HAVE_STDLIB_H 1
| #define HAVE_STRING_H 1
| #define HAVE_MEMORY_H 1
| #define HAVE_STRINGS_H 1
| #define HAVE_INTTYPES_H 1
| #define HAVE_STDINT_H 1
| #define HAVE_UNISTD_H 1
| #define HAVE_STRING_H 1
| #define HAVE_PROTOTYPES 1
| #define HAVE_STDDEF_H 1
| #define HAVE_STDLIB_H 1
| #define HAVE_LOCALE_H 1
| #define HAVE_UNSIGNED_CHAR 1
| #define HAVE_UNSIGNED_SHORT 1
| #define INLINE __inline__
| /* end confdefs.h.  */
| 
| #ifdef HAVE_PROTOTYPES
| int is_shifting_signed (long arg)
| #else
| int is_shifting_signed (arg)
|      long arg;
| #endif
| /* See whether right-shift on a long is signed or not. */
| {
|   long res = arg >> 4;
| 
|   if (res == -0x7F7E80CL) {	/* expected result for signed shift */
|     return 1;			/* right shift is signed */
|   }
|   /* see if unsigned-shift hack will fix it. */
|   /* we can't just test exact value since it depends on width of long... */
|   res |= (~0L) << (32-4);
|   if (res == -0x7F7E80CL) {	/* expected result now? */
|     return 0;			/* right shift is unsigned */
|   }
|   printf("Right shift isn't acting as I expect it to.\n");
|   printf("I fear the JPEG software will not work at all.\n\n");
|   return 0;			/* try it with unsigned anyway */
| }
| int main() {
|   exit(is_shifting_signed(-0x7F7E80B1L));
| }
configure:6131: result: yes
configure:6138: checking to see if fopen accepts b spec
configure:6154: /Users/louis/Projects/emscripten/emsdk_portable/emscripten/tag-1.34.1/emcc -o conftest    conftest.c  >&5
conftest.c:35:5: warning: implicitly declaring library function 'exit' with type 'void (int) __attribute__((noreturn))'
    exit(0);
    ^
conftest.c:35:5: note: include the header <stdlib.h> or explicitly provide a declaration for 'exit'
1 warning generated.
configure:6154: $? = 0
configure:6154: ./conftest
configure:6154: $? = 0
configure:6155: result: yes
configure:6498: checking for a sed that does not truncate output
configure:6562: result: /usr/bin/sed
configure:6580: checking for fgrep
configure:6642: result: /usr/bin/grep -F
configure:6677: checking for ld used by /Users/louis/Projects/emscripten/emsdk_portable/emscripten/tag-1.34.1/emcc
ERROR    root: [31mno input files
note that input files without a known suffix are ignored, make sure your input files end with one of: ('.c', '.C', '.i', '.cpp', '.cxx', '.cc', '.c++', '.CPP', '.CXX', '.CC', '.C++', '.ii', '.m', '.mi', '.mm', '.mii', '.bc', '.o', '.obj', '.lo', '.dylib', '.so', '.a', '.ll', '.h', '.hxx', '.hpp', '.hh', '.H', '.HXX', '.HPP', '.HH')[0m
configure:6744: result: /Users/louis/Projects/emscripten/emsdk_portable/emscripten/tag-1.34.1/emcc
configure:6751: checking if the linker (/Users/louis/Projects/emscripten/emsdk_portable/emscripten/tag-1.34.1/emcc) is GNU ld
configure:6766: result: yes
configure:6778: checking for BSD- or MS-compatible name lister (nm)
configure:6827: result: /usr/bin/nm
configure:6945: checking the name lister (/usr/bin/nm) interface
configure:6952: /Users/louis/Projects/emscripten/emsdk_portable/emscripten/tag-1.34.1/emcc -c   conftest.c >&5
configure:6955: /usr/bin/nm "conftest.o"
configure:6958: output
configure:6965: result: BSD nm
configure:6969: checking the maximum length of command line arguments
configure:7089: result: 196608
configure:7106: checking whether the shell understands some XSI constructs
configure:7116: result: yes
configure:7120: checking whether the shell understands "+="
configure:7126: result: yes
configure:7161: checking for /Users/louis/Projects/emscripten/emsdk_portable/emscripten/tag-1.34.1/emcc option to reload object files
configure:7168: result: -r
configure:7237: checking for objdump
configure:7264: result: objdump
configure:7293: checking how to recognize dependent libraries
configure:7489: result: pass_all
configure:7549: checking for ar
configure:7576: result: /Users/louis/Projects/emscripten/emsdk_portable/emscripten/tag-1.34.1/emar
configure:7654: checking for strip
configure:7670: found /usr/bin/strip
configure:7681: result: strip
configure:7753: checking for ranlib
configure:7780: result: /Users/louis/Projects/emscripten/emsdk_portable/emscripten/tag-1.34.1/emranlib
configure:7870: checking command to parse /usr/bin/nm output from /Users/louis/Projects/emscripten/emsdk_portable/emscripten/tag-1.34.1/emcc object
configure:7988: /Users/louis/Projects/emscripten/emsdk_portable/emscripten/tag-1.34.1/emcc -c   conftest.c >&5
configure:7991: $? = 0
configure:7995: /usr/bin/nm conftest.o \| sed -n -e 's/^.*[	 ]\([BCDEGRST][BCDEGRST]*\)[	 ][	 ]*\([_A-Za-z][_A-Za-z0-9]*\)$/\1 \2 \2/p' \> conftest.nm
configure:7998: $? = 0
cannot run sed -n -e 's/^.*[	 ]\([BCDEGRST][BCDEGRST]*\)[	 ][	 ]*\([_A-Za-z][_A-Za-z0-9]*\)$/\1 \2 \2/p'
configure:7988: /Users/louis/Projects/emscripten/emsdk_portable/emscripten/tag-1.34.1/emcc -c   conftest.c >&5
configure:7991: $? = 0
configure:7995: /usr/bin/nm conftest.o \| sed -n -e 's/^.*[	 ]\([BCDEGRST][BCDEGRST]*\)[	 ][	 ]*_\([_A-Za-z][_A-Za-z0-9]*\)$/\1 _\2 \2/p' \> conftest.nm
configure:7998: $? = 0
cannot run sed -n -e 's/^.*[	 ]\([BCDEGRST][BCDEGRST]*\)[	 ][	 ]*_\([_A-Za-z][_A-Za-z0-9]*\)$/\1 _\2 \2/p'
configure:8090: result: failed
configure:8357: checking for dsymutil
configure:8373: found /usr/bin/dsymutil
configure:8384: result: dsymutil
configure:8449: checking for nmedit
configure:8465: found /usr/bin/nmedit
configure:8476: result: nmedit
configure:8541: checking for lipo
configure:8557: found /usr/bin/lipo
configure:8568: result: lipo
configure:8633: checking for otool
configure:8649: found /usr/bin/otool
configure:8660: result: otool
configure:8725: checking for otool64
configure:8755: result: no
configure:8800: checking for -single_module linker flag
/Users/louis/Projects/emscripten/emsdk_portable/emscripten/tag-1.34.1/emcc   -o libconftest.dylib -dynamiclib -Wl,-single_module conftest.c
clang-3.7: warning: argument unused during compilation: '-dynamiclib'
configure:8827: result: no
configure:8829: checking for -exported_symbols_list linker flag
configure:8849: /Users/louis/Projects/emscripten/emsdk_portable/emscripten/tag-1.34.1/emcc -o conftest    -Wl,-exported_symbols_list,conftest.sym conftest.c  >&5
configure:8849: $? = 0
configure:8859: result: yes
configure:8898: checking for dlfcn.h
configure:8898: /Users/louis/Projects/emscripten/emsdk_portable/emscripten/tag-1.34.1/emcc -c   conftest.c >&5
configure:8898: $? = 0
configure:8898: result: yes
configure:9080: checking for objdir
configure:9095: result: .libs
configure:9387: checking if /Users/louis/Projects/emscripten/emsdk_portable/emscripten/tag-1.34.1/emcc supports -fno-rtti -fno-exceptions
configure:9405: /Users/louis/Projects/emscripten/emsdk_portable/emscripten/tag-1.34.1/emcc -c   -fno-rtti -fno-exceptions conftest.c >&5
configure:9409: $? = 0
configure:9422: result: yes
configure:9442: checking for /Users/louis/Projects/emscripten/emsdk_portable/emscripten/tag-1.34.1/emcc option to produce PIC
configure:9714: result: -fno-common -DPIC
configure:9726: checking if /Users/louis/Projects/emscripten/emsdk_portable/emscripten/tag-1.34.1/emcc PIC flag -fno-common -DPIC works
configure:9744: /Users/louis/Projects/emscripten/emsdk_portable/emscripten/tag-1.34.1/emcc -c   -fno-common -DPIC -DPIC conftest.c >&5
configure:9748: $? = 0
configure:9761: result: yes
configure:9785: checking if /Users/louis/Projects/emscripten/emsdk_portable/emscripten/tag-1.34.1/emcc static flag -static works
configure:9813: result: yes
configure:9828: checking if /Users/louis/Projects/emscripten/emsdk_portable/emscripten/tag-1.34.1/emcc supports -c -o file.o
configure:9849: /Users/louis/Projects/emscripten/emsdk_portable/emscripten/tag-1.34.1/emcc -c   -o out/conftest2.o conftest.c >&5
configure:9853: $? = 0
configure:9875: result: yes
configure:9883: checking if /Users/louis/Projects/emscripten/emsdk_portable/emscripten/tag-1.34.1/emcc supports -c -o file.o
configure:9930: result: yes
configure:9963: checking whether the /Users/louis/Projects/emscripten/emsdk_portable/emscripten/tag-1.34.1/emcc linker (/Users/louis/Projects/emscripten/emsdk_portable/emscripten/tag-1.34.1/emcc) supports shared libraries
configure:10949: result: yes
configure:10986: checking whether -lc should be explicitly linked in
configure:10991: /Users/louis/Projects/emscripten/emsdk_portable/emscripten/tag-1.34.1/emcc -c   conftest.c >&5
configure:10994: $? = 0
configure:11009: /Users/louis/Projects/emscripten/emsdk_portable/emscripten/tag-1.34.1/emcc -shared conftest.o  -v -Wl,-soname -Wl,conftest -o conftest 2\>\&1 \| /usr/bin/grep  -lc  \>/dev/null 2\>\&1
configure:11012: $? = 1
configure:11024: result: yes
configure:11188: checking dynamic linker characteristics
configure:11839: result: darwin14.1.0 dyld
configure:11941: checking how to hardcode library paths into programs
configure:11966: result: immediate
configure:12486: checking whether stripping libraries is possible
configure:12500: result: yes
configure:12526: checking if libtool supports shared libraries
configure:12528: result: yes
configure:12531: checking whether to build shared libraries
configure:12552: result: yes
configure:12555: checking whether to build static libraries
configure:12559: result: yes
configure:12675: checking libjpeg version number
configure:12679: result: 8:1
configure:12815: creating ./config.status

## ---------------------- ##
## Running config.status. ##
## ---------------------- ##

This file was extended by libjpeg config.status 8.0.1, which was
generated by GNU Autoconf 2.65.  Invocation command line was

  CONFIG_FILES    = 
  CONFIG_HEADERS  = 
  CONFIG_LINKS    = 
  CONFIG_COMMANDS = 
  $ ./config.status 

on xxx

config.status:1088: creating Makefile
config.status:1088: creating jconfig.h
config.status:1308: executing depfiles commands
config.status:1308: executing libtool commands

## ---------------- ##
## Cache variables. ##
## ---------------- ##

ac_cv_build=x86_64-apple-darwin14.1.0
ac_cv_c_compiler_gnu=yes
ac_cv_c_const=yes
ac_cv_env_CC_set=set
ac_cv_env_CC_value=/Users/louis/Projects/emscripten/emsdk_portable/emscripten/tag-1.34.1/emcc
ac_cv_env_CFLAGS_set=set
ac_cv_env_CFLAGS_value=
ac_cv_env_CPPFLAGS_set=
ac_cv_env_CPPFLAGS_value=
ac_cv_env_CPP_set=
ac_cv_env_CPP_value=
ac_cv_env_LDFLAGS_set=
ac_cv_env_LDFLAGS_value=
ac_cv_env_LIBS_set=
ac_cv_env_LIBS_value=
ac_cv_env_build_alias_set=
ac_cv_env_build_alias_value=
ac_cv_env_host_alias_set=
ac_cv_env_host_alias_value=
ac_cv_env_target_alias_set=
ac_cv_env_target_alias_value=
ac_cv_header_dlfcn_h=yes
ac_cv_header_inttypes_h=yes
ac_cv_header_locale_h=yes
ac_cv_header_memory_h=yes
ac_cv_header_stdc=yes
ac_cv_header_stddef_h=yes
ac_cv_header_stdint_h=yes
ac_cv_header_stdlib_h=yes
ac_cv_header_string_h=yes
ac_cv_header_strings_h=yes
ac_cv_header_sys_stat_h=yes
ac_cv_header_sys_types_h=yes
ac_cv_header_unistd_h=yes
ac_cv_host=x86_64-apple-darwin14.1.0
ac_cv_objext=o
ac_cv_path_EGREP='/usr/bin/grep -E'
ac_cv_path_FGREP='/usr/bin/grep -F'
ac_cv_path_GREP=/usr/bin/grep
ac_cv_path_SED=/usr/bin/sed
ac_cv_path_install='/usr/bin/install -c'
ac_cv_prog_AWK=awk
ac_cv_prog_CPP='/Users/louis/Projects/emscripten/emsdk_portable/emscripten/tag-1.34.1/emcc -E'
ac_cv_prog_ac_ct_AR=/Users/louis/Projects/emscripten/emsdk_portable/emscripten/tag-1.34.1/emar
ac_cv_prog_ac_ct_CC=/Users/louis/Projects/emscripten/emsdk_portable/emscripten/tag-1.34.1/emcc
ac_cv_prog_ac_ct_DSYMUTIL=dsymutil
ac_cv_prog_ac_ct_LIPO=lipo
ac_cv_prog_ac_ct_NMEDIT=nmedit
ac_cv_prog_ac_ct_OBJDUMP=objdump
ac_cv_prog_ac_ct_OTOOL=otool
ac_cv_prog_ac_ct_RANLIB=/Users/louis/Projects/emscripten/emsdk_portable/emscripten/tag-1.34.1/emranlib
ac_cv_prog_ac_ct_STRIP=strip
ac_cv_prog_cc_c89=
ac_cv_prog_cc_c99=
ac_cv_prog_cc_g=yes
ac_cv_prog_cc_stdc=
ac_cv_prog_make_make_set=yes
ac_cv_target=x86_64-apple-darwin14.1.0
am_cv_CC_dependencies_compiler_type=gcc3
ijg_cv_have_prototypes=yes
ijg_cv_inline=__inline__
lt_cv_apple_cc_single_mod=no
lt_cv_deplibs_check_method=pass_all
lt_cv_file_magic_cmd='$MAGIC_CMD'
lt_cv_file_magic_test_file=
lt_cv_ld_exported_symbols_list=yes
lt_cv_ld_reload_flag=-r
lt_cv_nm_interface='BSD nm'
lt_cv_objdir=.libs
lt_cv_path_LD=/Users/louis/Projects/emscripten/emsdk_portable/emscripten/tag-1.34.1/emcc
lt_cv_path_NM=/usr/bin/nm
lt_cv_prog_compiler_c_o=yes
lt_cv_prog_compiler_pic_works=yes
lt_cv_prog_compiler_rtti_exceptions=yes
lt_cv_prog_compiler_static_works=yes
lt_cv_prog_gnu_ld=yes
lt_cv_sys_global_symbol_pipe=
lt_cv_sys_global_symbol_to_c_name_address='sed -n -e '\''s/^: \([^ ]*\) $/  {\"\1\", (void *) 0},/p'\'' -e '\''s/^[BCDEGRST]* \([^ ]*\) \([^ ]*\)$/  {"\2", (void *) \&\2},/p'\'''
lt_cv_sys_global_symbol_to_c_name_address_lib_prefix='sed -n -e '\''s/^: \([^ ]*\) $/  {\"\1\", (void *) 0},/p'\'' -e '\''s/^[BCDEGRST]* \([^ ]*\) \(lib[^ ]*\)$/  {"\2", (void *) \&\2},/p'\'' -e '\''s/^[BCDEGRST]* \([^ ]*\) \([^ ]*\)$/  {"lib\2", (void *) \&\2},/p'\'''
lt_cv_sys_global_symbol_to_cdecl=
lt_cv_sys_max_cmd_len=196608

## ----------------- ##
## Output variables. ##
## ----------------- ##

ACLOCAL='${SHELL} /Users/louis/Projects/LUGARU/lugaru/Dependencies/libjpeg/missing --run aclocal-1.11'
AMDEPBACKSLASH='\'
AMDEP_FALSE='#'
AMDEP_TRUE=''
AMTAR='${SHELL} /Users/louis/Projects/LUGARU/lugaru/Dependencies/libjpeg/missing --run tar'
AM_BACKSLASH='\'
AM_DEFAULT_VERBOSITY='0'
ANSI2KNR=''
AR='/Users/louis/Projects/emscripten/emsdk_portable/emscripten/tag-1.34.1/emar'
AS='as'
AUTOCONF='${SHELL} /Users/louis/Projects/LUGARU/lugaru/Dependencies/libjpeg/missing --run autoconf'
AUTOHEADER='echo autoheader ignored'
AUTOMAKE='${SHELL} /Users/louis/Projects/LUGARU/lugaru/Dependencies/libjpeg/missing --run automake-1.11'
AWK='awk'
CC='/Users/louis/Projects/emscripten/emsdk_portable/emscripten/tag-1.34.1/emcc'
CCDEPMODE='depmode=gcc3'
CFLAGS=''
CPP='/Users/louis/Projects/emscripten/emsdk_portable/emscripten/tag-1.34.1/emcc -E'
CPPFLAGS=''
CYGPATH_W='echo'
DEFS='-DHAVE_CONFIG_H'
DEPDIR='.deps'
DLLTOOL='dlltool'
DSYMUTIL='dsymutil'
DUMPBIN=''
ECHO_C='\c'
ECHO_N=''
ECHO_T=''
EGREP='/usr/bin/grep -E'
EXEEXT=''
FGREP='/usr/bin/grep -F'
GREP='/usr/bin/grep'
HAVE_LD_VERSION_SCRIPT_FALSE='#'
HAVE_LD_VERSION_SCRIPT_TRUE=''
INSTALL_DATA='${INSTALL} -m 644'
INSTALL_PROGRAM='${INSTALL}'
INSTALL_SCRIPT='${INSTALL}'
INSTALL_STRIP_PROGRAM='$(install_sh) -c -s'
JPEG_LIB_VERSION='8:1'
LD='/Users/louis/Projects/emscripten/emsdk_portable/emscripten/tag-1.34.1/emcc'
LDFLAGS=''
LIBOBJS=''
LIBS=''
LIBTOOL='$(SHELL) $(top_builddir)/libtool'
LIPO='lipo'
LN_S='ln -s'
LTLIBOBJS=''
MAINT='#'
MAINTAINER_MODE_FALSE=''
MAINTAINER_MODE_TRUE='#'
MAKEINFO='${SHELL} /Users/louis/Projects/LUGARU/lugaru/Dependencies/libjpeg/missing --run makeinfo'
MEMORYMGR='jmemnobs'
MKDIR_P='./install-sh -c -d'
NM='/usr/bin/nm'
NMEDIT='nmedit'
OBJDUMP='objdump'
OBJEXT='o'
OTOOL64=':'
OTOOL='otool'
PACKAGE='libjpeg'
PACKAGE_BUGREPORT=''
PACKAGE_NAME='libjpeg'
PACKAGE_STRING='libjpeg 8.0.1'
PACKAGE_TARNAME='libjpeg'
PACKAGE_URL=''
PACKAGE_VERSION='8.0.1'
PATH_SEPARATOR=':'
RANLIB='/Users/louis/Projects/emscripten/emsdk_portable/emscripten/tag-1.34.1/emranlib'
SED='/usr/bin/sed'
SET_MAKE=''
SHELL='/bin/sh'
STRIP='strip'
U=''
VERSION='8.0.1'
ac_ct_CC='/Users/louis/Projects/emscripten/emsdk_portable/emscripten/tag-1.34.1/emcc'
ac_ct_DUMPBIN=''
am__EXEEXT_FALSE=''
am__EXEEXT_TRUE='#'
am__fastdepCC_FALSE='#'
am__fastdepCC_TRUE=''
am__include='include'
am__isrc=''
am__leading_dot='.'
am__quote=''
am__tar='${AMTAR} chof - "$$tardir"'
am__untar='${AMTAR} xf -'
bindir='${exec_prefix}/bin'
build='x86_64-apple-darwin14.1.0'
build_alias=''
build_cpu='x86_64'
build_os='darwin14.1.0'
build_vendor='apple'
datadir='${datarootdir}'
datarootdir='${prefix}/share'
docdir='${datarootdir}/doc/${PACKAGE_TARNAME}'
dvidir='${docdir}'
exec_prefix='${prefix}'
host='x86_64-apple-darwin14.1.0'
host_alias=''
host_cpu='x86_64'
host_os='darwin14.1.0'
host_vendor='apple'
htmldir='${docdir}'
includedir='${prefix}/include'
infodir='${datarootdir}/info'
install_sh='${SHELL} /Users/louis/Projects/LUGARU/lugaru/Dependencies/libjpeg/install-sh'
libdir='${exec_prefix}/lib'
libexecdir='${exec_prefix}/libexec'
localedir='${datarootdir}/locale'
localstatedir='${prefix}/var'
lt_ECHO='/bin/echo'
mandir='${datarootdir}/man'
mkdir_p='$(top_builddir)/./install-sh -c -d'
oldincludedir='/usr/include'
pdfdir='${docdir}'
prefix='/usr/local'
program_transform_name='s,x,x,'
psdir='${docdir}'
sbindir='${exec_prefix}/sbin'
sharedstatedir='${prefix}/com'
sysconfdir='${prefix}/etc'
target='x86_64-apple-darwin14.1.0'
target_alias=''
target_cpu='x86_64'
target_os='darwin14.1.0'
target_vendor='apple'

## ----------- ##
## confdefs.h. ##
## ----------- ##

/* confdefs.h */
#define PACKAGE_NAME "libjpeg"
#define PACKAGE_TARNAME "libjpeg"
#define PACKAGE_VERSION "8.0.1"
#define PACKAGE_STRING "libjpeg 8.0.1"
#define PACKAGE_BUGREPORT ""
#define PACKAGE_URL ""
#define PACKAGE "libjpeg"
#define VERSION "8.0.1"
#define PROTOTYPES 1
#define __PROTOTYPES 1
#define STDC_HEADERS 1
#define HAVE_SYS_TYPES_H 1
#define HAVE_SYS_STAT_H 1
#define HAVE_STDLIB_H 1
#define HAVE_STRING_H 1
#define HAVE_MEMORY_H 1
#define HAVE_STRINGS_H 1
#define HAVE_INTTYPES_H 1
#define HAVE_STDINT_H 1
#define HAVE_UNISTD_H 1
#define HAVE_STRING_H 1
#define HAVE_PROTOTYPES 1
#define HAVE_STDDEF_H 1
#define HAVE_STDLIB_H 1
#define HAVE_LOCALE_H 1
#define HAVE_UNSIGNED_CHAR 1
#define HAVE_UNSIGNED_SHORT 1
#define INLINE __inline__
#define HAVE_DLFCN_H 1
#define LT_OBJDIR ".libs/"

configure: exit 0
