This file contains any messages produced by compilers while
running configure, to aid debugging if configure makes a mistake.

It was created by libpng configure 1.4.1, which was
generated by GNU Autoconf 2.65.  Invocation command line was

  $ ./configure 

## --------- ##
## Platform. ##
## --------- ##

hostname = xxx
uname -m = x86_64
uname -r = 14.1.0
uname -s = Darwin
uname -v = Darwin Kernel Version 14.1.0: Mon Dec 22 23:10:38 PST 2014; root:xnu-2782.10.72~2/RELEASE_X86_64

/usr/bin/uname -p = i386
/bin/uname -X     = unknown

/bin/arch              = unknown
/usr/bin/arch -k       = unknown
/usr/convex/getsysinfo = unknown
/usr/bin/hostinfo      = Mach kernel version:
	 Darwin Kernel Version 14.1.0: Mon Dec 22 23:10:38 PST 2014; root:xnu-2782.10.72~2/RELEASE_X86_64
Kernel configured for up to 4 processors.
2 processors are physically available.
4 processors are logically available.
Processor type: i486 (Intel 80486)
Processors active: 0 1 2 3
Primary memory available: 8.00 gigabytes
Default processor set: 233 tasks, 1023 threads, 4 processors
Load average: 2.27, Mach factor: 2.24
/bin/machine           = unknown
/usr/bin/oslevel       = unknown
/bin/universe          = unknown

PATH: /Users/louis/Projects/emscripten/emsdk_portable/emscripten/tag-1.34.1/system/bin
PATH: /Users/louis/Projects/emscripten/emsdk_portable
PATH: /Users/louis/Projects/emscripten/emsdk_portable/clang/tag-e1.34.1/build_tag-e1.34.1_64/bin
PATH: /Users/louis/Projects/emscripten/emsdk_portable/node/0.10.18_64bit/bin
PATH: /Users/louis/Projects/emscripten/emsdk_portable/emscripten/tag-1.34.1
PATH: /usr/local/heroku/bin
PATH: /usr/local/share/npm/bin/
PATH: /usr/bin
PATH: /bin
PATH: /usr/sbin
PATH: /sbin
PATH: /usr/local/bin


## ----------- ##
## Core tests. ##
## ----------- ##

configure:2421: checking for a BSD-compatible install
configure:2489: result: /usr/bin/install -c
configure:2500: checking whether build environment is sane
configure:2550: result: yes
configure:2691: checking for a thread-safe mkdir -p
configure:2730: result: ./install-sh -c -d
configure:2743: checking for gawk
configure:2773: result: no
configure:2743: checking for mawk
configure:2773: result: no
configure:2743: checking for nawk
configure:2773: result: no
configure:2743: checking for awk
configure:2759: found /usr/bin/awk
configure:2770: result: awk
configure:2781: checking whether make sets $(MAKE)
configure:2803: result: yes
configure:2884: checking whether to enable maintainer-specific portions of Makefiles
configure:2893: result: no
configure:2966: checking for gcc
configure:2993: result: /Users/louis/Projects/emscripten/emsdk_portable/emscripten/tag-1.34.1/emcc
configure:3222: checking for C compiler version
configure:3231: /Users/louis/Projects/emscripten/emsdk_portable/emscripten/tag-1.34.1/emcc --version >&5
emcc (Emscripten gcc/clang-like replacement) 1.34.1 ()
Copyright (C) 2014 the Emscripten authors (see AUTHORS.txt)
This is free and open source software under the MIT license.
There is NO warranty; not even for MERCHANTABILITY or FITNESS FOR A PARTICULAR PURPOSE.
  
configure:3242: $? = 0
configure:3231: /Users/louis/Projects/emscripten/emsdk_portable/emscripten/tag-1.34.1/emcc -v >&5
emcc (Emscripten gcc/clang-like replacement + linker emulating GNU ld) 1.34.1
clang version 3.7.0 
Target: x86_64-apple-darwin14.1.0
Thread model: posix
INFO     root: [32m(Emscripten: Running sanity checks)[0m
configure:3242: $? = 0
configure:3231: /Users/louis/Projects/emscripten/emsdk_portable/emscripten/tag-1.34.1/emcc -V >&5
ERROR    root: [31mno input files
note that input files without a known suffix are ignored, make sure your input files end with one of: ('.c', '.C', '.i', '.cpp', '.cxx', '.cc', '.c++', '.CPP', '.CXX', '.CC', '.C++', '.ii', '.m', '.mi', '.mm', '.mii', '.bc', '.o', '.obj', '.lo', '.dylib', '.so', '.a', '.ll', '.h', '.hxx', '.hpp', '.hh', '.H', '.HXX', '.HPP', '.HH')[0m
configure:3242: $? = 0
configure:3231: /Users/louis/Projects/emscripten/emsdk_portable/emscripten/tag-1.34.1/emcc -qversion >&5
ERROR    root: [31mno input files
note that input files without a known suffix are ignored, make sure your input files end with one of: ('.c', '.C', '.i', '.cpp', '.cxx', '.cc', '.c++', '.CPP', '.CXX', '.CC', '.C++', '.ii', '.m', '.mi', '.mm', '.mii', '.bc', '.o', '.obj', '.lo', '.dylib', '.so', '.a', '.ll', '.h', '.hxx', '.hpp', '.hh', '.H', '.HXX', '.HPP', '.HH')[0m
configure:3242: $? = 0
configure:3262: checking whether the C compiler works
configure:3284: /Users/louis/Projects/emscripten/emsdk_portable/emscripten/tag-1.34.1/emcc  -I../zlib -L../zlib conftest.c  >&5
configure:3288: $? = 0
configure:3337: result: yes
configure:3340: checking for C compiler default output file name
configure:3342: result: a.out
configure:3348: checking for suffix of executables
configure:3355: /Users/louis/Projects/emscripten/emsdk_portable/emscripten/tag-1.34.1/emcc -o conftest  -I../zlib -L../zlib conftest.c  >&5
configure:3359: $? = 0
configure:3381: result: 
configure:3403: checking whether we are cross compiling
configure:3411: /Users/louis/Projects/emscripten/emsdk_portable/emscripten/tag-1.34.1/emcc -o conftest  -I../zlib -L../zlib conftest.c  >&5
configure:3415: $? = 0
configure:3422: ./conftest
configure:3426: $? = 0
configure:3441: result: no
configure:3446: checking for suffix of object files
configure:3468: /Users/louis/Projects/emscripten/emsdk_portable/emscripten/tag-1.34.1/emcc -c  -I../zlib conftest.c >&5
configure:3472: $? = 0
configure:3493: result: o
configure:3497: checking whether we are using the GNU C compiler
configure:3516: /Users/louis/Projects/emscripten/emsdk_portable/emscripten/tag-1.34.1/emcc -c  -I../zlib conftest.c >&5
configure:3516: $? = 0
configure:3525: result: yes
configure:3534: checking whether /Users/louis/Projects/emscripten/emsdk_portable/emscripten/tag-1.34.1/emcc accepts -g
configure:3554: /Users/louis/Projects/emscripten/emsdk_portable/emscripten/tag-1.34.1/emcc -c -g -I../zlib conftest.c >&5
configure:3554: $? = 0
configure:3595: result: yes
configure:3612: checking for /Users/louis/Projects/emscripten/emsdk_portable/emscripten/tag-1.34.1/emcc option to accept ISO C89
configure:3676: /Users/louis/Projects/emscripten/emsdk_portable/emscripten/tag-1.34.1/emcc  -c  -I../zlib conftest.c >&5
configure:3676: $? = 0
configure:3689: result: none needed
configure:3720: checking for style of include used by make
configure:3748: result: GNU
configure:3773: checking dependency style of /Users/louis/Projects/emscripten/emsdk_portable/emscripten/tag-1.34.1/emcc
configure:3883: result: gcc3
configure:3902: checking build system type
configure:3916: result: i386-apple-darwin14.1.0
configure:3936: checking host system type
configure:3949: result: i386-apple-darwin14.1.0
configure:3969: checking for a sed that does not truncate output
configure:4033: result: /usr/bin/sed
configure:4051: checking for grep that handles long lines and -e
configure:4109: result: /usr/bin/grep
configure:4114: checking for egrep
configure:4176: result: /usr/bin/grep -E
configure:4181: checking for fgrep
configure:4243: result: /usr/bin/grep -F
configure:4278: checking for ld used by /Users/louis/Projects/emscripten/emsdk_portable/emscripten/tag-1.34.1/emcc
ERROR    root: [31mno input files
note that input files without a known suffix are ignored, make sure your input files end with one of: ('.c', '.C', '.i', '.cpp', '.cxx', '.cc', '.c++', '.CPP', '.CXX', '.CC', '.C++', '.ii', '.m', '.mi', '.mm', '.mii', '.bc', '.o', '.obj', '.lo', '.dylib', '.so', '.a', '.ll', '.h', '.hxx', '.hpp', '.hh', '.H', '.HXX', '.HPP', '.HH')[0m
configure:4345: result: /Users/louis/Projects/emscripten/emsdk_portable/emscripten/tag-1.34.1/emcc
configure:4352: checking if the linker (/Users/louis/Projects/emscripten/emsdk_portable/emscripten/tag-1.34.1/emcc) is GNU ld
configure:4367: result: yes
configure:4384: checking how to run the C preprocessor
configure:4415: /Users/louis/Projects/emscripten/emsdk_portable/emscripten/tag-1.34.1/emcc -E -I../zlib conftest.c
configure:4415: $? = 0
configure:4429: /Users/louis/Projects/emscripten/emsdk_portable/emscripten/tag-1.34.1/emcc -E -I../zlib conftest.c
conftest.c:11:10: fatal error: 'ac_nonexistent.h' file not found
#include <ac_nonexistent.h>
         ^
1 error generated.
configure:4429: $? = 1
configure: failed program was:
| /* confdefs.h */
| #define PACKAGE_NAME "libpng"
| #define PACKAGE_TARNAME "libpng"
| #define PACKAGE_VERSION "1.4.1"
| #define PACKAGE_STRING "libpng 1.4.1"
| #define PACKAGE_BUGREPORT "png-mng-implement@lists.sourceforge.net"
| #define PACKAGE_URL ""
| #define PACKAGE "libpng"
| #define VERSION "1.4.1"
| /* end confdefs.h.  */
| #include <ac_nonexistent.h>
configure:4454: result: /Users/louis/Projects/emscripten/emsdk_portable/emscripten/tag-1.34.1/emcc -E
configure:4474: /Users/louis/Projects/emscripten/emsdk_portable/emscripten/tag-1.34.1/emcc -E -I../zlib conftest.c
configure:4474: $? = 0
configure:4488: /Users/louis/Projects/emscripten/emsdk_portable/emscripten/tag-1.34.1/emcc -E -I../zlib conftest.c
conftest.c:11:10: fatal error: 'ac_nonexistent.h' file not found
#include <ac_nonexistent.h>
         ^
1 error generated.
configure:4488: $? = 1
configure: failed program was:
| /* confdefs.h */
| #define PACKAGE_NAME "libpng"
| #define PACKAGE_TARNAME "libpng"
| #define PACKAGE_VERSION "1.4.1"
| #define PACKAGE_STRING "libpng 1.4.1"
| #define PACKAGE_BUGREPORT "png-mng-implement@lists.sourceforge.net"
| #define PACKAGE_URL ""
| #define PACKAGE "libpng"
| #define VERSION "1.4.1"
| /* end confdefs.h.  */
| #include <ac_nonexistent.h>
configure:4559: checking for sed
configure:4586: result: /usr/bin/sed
configure:4912: checking whether ln -s works
configure:4916: result: yes
configure:4923: checking whether make sets $(MAKE)
configure:4945: result: yes
configure:4979: checking for BSD- or MS-compatible name lister (nm)
configure:5028: result: /usr/bin/nm
configure:5146: checking the name lister (/usr/bin/nm) interface
configure:5153: /Users/louis/Projects/emscripten/emsdk_portable/emscripten/tag-1.34.1/emcc -c  -I../zlib conftest.c >&5
configure:5156: /usr/bin/nm "conftest.o"
configure:5159: output
configure:5166: result: BSD nm
configure:5170: checking the maximum length of command line arguments
configure:5290: result: 196608
configure:5307: checking whether the shell understands some XSI constructs
configure:5317: result: yes
configure:5321: checking whether the shell understands "+="
configure:5327: result: yes
configure:5362: checking for /Users/louis/Projects/emscripten/emsdk_portable/emscripten/tag-1.34.1/emcc option to reload object files
configure:5369: result: -r
configure:5438: checking for objdump
configure:5465: result: objdump
configure:5494: checking how to recognize dependent libraries
configure:5690: result: pass_all
configure:5750: checking for ar
configure:5777: result: /Users/louis/Projects/emscripten/emsdk_portable/emscripten/tag-1.34.1/emar
configure:5855: checking for strip
configure:5871: found /usr/bin/strip
configure:5882: result: strip
configure:5954: checking for ranlib
configure:5981: result: /Users/louis/Projects/emscripten/emsdk_portable/emscripten/tag-1.34.1/emranlib
configure:6071: checking command to parse /usr/bin/nm output from /Users/louis/Projects/emscripten/emsdk_portable/emscripten/tag-1.34.1/emcc object
configure:6189: /Users/louis/Projects/emscripten/emsdk_portable/emscripten/tag-1.34.1/emcc -c  -I../zlib conftest.c >&5
configure:6192: $? = 0
configure:6196: /usr/bin/nm conftest.o \| sed -n -e 's/^.*[	 ]\([BCDEGRST][BCDEGRST]*\)[	 ][	 ]*\([_A-Za-z][_A-Za-z0-9]*\)$/\1 \2 \2/p' \> conftest.nm
configure:6199: $? = 0
cannot run sed -n -e 's/^.*[	 ]\([BCDEGRST][BCDEGRST]*\)[	 ][	 ]*\([_A-Za-z][_A-Za-z0-9]*\)$/\1 \2 \2/p'
configure:6189: /Users/louis/Projects/emscripten/emsdk_portable/emscripten/tag-1.34.1/emcc -c  -I../zlib conftest.c >&5
configure:6192: $? = 0
configure:6196: /usr/bin/nm conftest.o \| sed -n -e 's/^.*[	 ]\([BCDEGRST][BCDEGRST]*\)[	 ][	 ]*_\([_A-Za-z][_A-Za-z0-9]*\)$/\1 _\2 \2/p' \> conftest.nm
configure:6199: $? = 0
cannot run sed -n -e 's/^.*[	 ]\([BCDEGRST][BCDEGRST]*\)[	 ][	 ]*_\([_A-Za-z][_A-Za-z0-9]*\)$/\1 _\2 \2/p'
configure:6291: result: failed
configure:6559: checking for dsymutil
configure:6575: found /usr/bin/dsymutil
configure:6586: result: dsymutil
configure:6651: checking for nmedit
configure:6667: found /usr/bin/nmedit
configure:6678: result: nmedit
configure:6743: checking for lipo
configure:6759: found /usr/bin/lipo
configure:6770: result: lipo
configure:6835: checking for otool
configure:6851: found /usr/bin/otool
configure:6862: result: otool
configure:6927: checking for otool64
configure:6957: result: no
configure:7002: checking for -single_module linker flag
/Users/louis/Projects/emscripten/emsdk_portable/emscripten/tag-1.34.1/emcc  -L../zlib -o libconftest.dylib -dynamiclib -Wl,-single_module conftest.c
clang-3.7: warning: argument unused during compilation: '-dynamiclib'
configure:7029: result: no
configure:7031: checking for -exported_symbols_list linker flag
configure:7051: /Users/louis/Projects/emscripten/emsdk_portable/emscripten/tag-1.34.1/emcc -o conftest  -I../zlib -L../zlib -Wl,-exported_symbols_list,conftest.sym conftest.c  >&5
configure:7051: $? = 0
configure:7061: result: yes
configure:7099: checking for ANSI C header files
configure:7119: /Users/louis/Projects/emscripten/emsdk_portable/emscripten/tag-1.34.1/emcc -c  -I../zlib conftest.c >&5
configure:7119: $? = 0
configure:7192: /Users/louis/Projects/emscripten/emsdk_portable/emscripten/tag-1.34.1/emcc -o conftest  -I../zlib -L../zlib conftest.c  >&5
configure:7192: $? = 0
configure:7192: ./conftest
configure:7192: $? = 0
configure:7203: result: yes
configure:7216: checking for sys/types.h
configure:7216: /Users/louis/Projects/emscripten/emsdk_portable/emscripten/tag-1.34.1/emcc -c  -I../zlib conftest.c >&5
configure:7216: $? = 0
configure:7216: result: yes
configure:7216: checking for sys/stat.h
configure:7216: /Users/louis/Projects/emscripten/emsdk_portable/emscripten/tag-1.34.1/emcc -c  -I../zlib conftest.c >&5
configure:7216: $? = 0
configure:7216: result: yes
configure:7216: checking for stdlib.h
configure:7216: /Users/louis/Projects/emscripten/emsdk_portable/emscripten/tag-1.34.1/emcc -c  -I../zlib conftest.c >&5
configure:7216: $? = 0
configure:7216: result: yes
configure:7216: checking for string.h
configure:7216: /Users/louis/Projects/emscripten/emsdk_portable/emscripten/tag-1.34.1/emcc -c  -I../zlib conftest.c >&5
configure:7216: $? = 0
configure:7216: result: yes
configure:7216: checking for memory.h
configure:7216: /Users/louis/Projects/emscripten/emsdk_portable/emscripten/tag-1.34.1/emcc -c  -I../zlib conftest.c >&5
configure:7216: $? = 0
configure:7216: result: yes
configure:7216: checking for strings.h
configure:7216: /Users/louis/Projects/emscripten/emsdk_portable/emscripten/tag-1.34.1/emcc -c  -I../zlib conftest.c >&5
configure:7216: $? = 0
configure:7216: result: yes
configure:7216: checking for inttypes.h
configure:7216: /Users/louis/Projects/emscripten/emsdk_portable/emscripten/tag-1.34.1/emcc -c  -I../zlib conftest.c >&5
configure:7216: $? = 0
configure:7216: result: yes
configure:7216: checking for stdint.h
configure:7216: /Users/louis/Projects/emscripten/emsdk_portable/emscripten/tag-1.34.1/emcc -c  -I../zlib conftest.c >&5
configure:7216: $? = 0
configure:7216: result: yes
configure:7216: checking for unistd.h
configure:7216: /Users/louis/Projects/emscripten/emsdk_portable/emscripten/tag-1.34.1/emcc -c  -I../zlib conftest.c >&5
configure:7216: $? = 0
configure:7216: result: yes
configure:7231: checking for dlfcn.h
configure:7231: /Users/louis/Projects/emscripten/emsdk_portable/emscripten/tag-1.34.1/emcc -c  -I../zlib conftest.c >&5
configure:7231: $? = 0
configure:7231: result: yes
configure:7413: checking for objdir
configure:7428: result: .libs
configure:7720: checking if /Users/louis/Projects/emscripten/emsdk_portable/emscripten/tag-1.34.1/emcc supports -fno-rtti -fno-exceptions
configure:7738: /Users/louis/Projects/emscripten/emsdk_portable/emscripten/tag-1.34.1/emcc -c  -I../zlib -fno-rtti -fno-exceptions conftest.c >&5
configure:7742: $? = 0
configure:7755: result: yes
configure:7775: checking for /Users/louis/Projects/emscripten/emsdk_portable/emscripten/tag-1.34.1/emcc option to produce PIC
configure:8047: result: -fno-common -DPIC
configure:8059: checking if /Users/louis/Projects/emscripten/emsdk_portable/emscripten/tag-1.34.1/emcc PIC flag -fno-common -DPIC works
configure:8077: /Users/louis/Projects/emscripten/emsdk_portable/emscripten/tag-1.34.1/emcc -c  -I../zlib -fno-common -DPIC -DPIC conftest.c >&5
configure:8081: $? = 0
configure:8094: result: yes
configure:8118: checking if /Users/louis/Projects/emscripten/emsdk_portable/emscripten/tag-1.34.1/emcc static flag -static works
configure:8146: result: yes
configure:8161: checking if /Users/louis/Projects/emscripten/emsdk_portable/emscripten/tag-1.34.1/emcc supports -c -o file.o
configure:8182: /Users/louis/Projects/emscripten/emsdk_portable/emscripten/tag-1.34.1/emcc -c  -I../zlib -o out/conftest2.o conftest.c >&5
configure:8186: $? = 0
configure:8208: result: yes
configure:8216: checking if /Users/louis/Projects/emscripten/emsdk_portable/emscripten/tag-1.34.1/emcc supports -c -o file.o
configure:8263: result: yes
configure:8296: checking whether the /Users/louis/Projects/emscripten/emsdk_portable/emscripten/tag-1.34.1/emcc linker (/Users/louis/Projects/emscripten/emsdk_portable/emscripten/tag-1.34.1/emcc) supports shared libraries
configure:9282: result: yes
configure:9319: checking whether -lc should be explicitly linked in
configure:9324: /Users/louis/Projects/emscripten/emsdk_portable/emscripten/tag-1.34.1/emcc -c  -I../zlib conftest.c >&5
configure:9327: $? = 0
configure:9342: /Users/louis/Projects/emscripten/emsdk_portable/emscripten/tag-1.34.1/emcc -shared conftest.o  -v -Wl,-soname -Wl,conftest -o conftest 2\>\&1 \| /usr/bin/grep  -lc  \>/dev/null 2\>\&1
configure:9345: $? = 1
configure:9357: result: yes
configure:9521: checking dynamic linker characteristics
configure:10172: result: darwin14.1.0 dyld
configure:10274: checking how to hardcode library paths into programs
configure:10299: result: immediate
configure:10819: checking whether stripping libraries is possible
configure:10833: result: yes
configure:10859: checking if libtool supports shared libraries
configure:10861: result: yes
configure:10864: checking whether to build shared libraries
configure:10885: result: yes
configure:10888: checking whether to build static libraries
configure:10892: result: yes
configure:10929: checking for ANSI C header files
configure:11033: result: yes
configure:11044: checking malloc.h usability
configure:11044: /Users/louis/Projects/emscripten/emsdk_portable/emscripten/tag-1.34.1/emcc -c  -I../zlib conftest.c >&5
configure:11044: $? = 0
configure:11044: result: yes
configure:11044: checking malloc.h presence
configure:11044: /Users/louis/Projects/emscripten/emsdk_portable/emscripten/tag-1.34.1/emcc -E -I../zlib conftest.c
configure:11044: $? = 0
configure:11044: result: yes
configure:11044: checking for malloc.h
configure:11044: result: yes
configure:11044: checking for stdlib.h
configure:11044: result: yes
configure:11044: checking for string.h
configure:11044: result: yes
configure:11044: checking for strings.h
configure:11044: result: yes
configure:11057: checking for an ANSI C-conforming const
configure:11122: /Users/louis/Projects/emscripten/emsdk_portable/emscripten/tag-1.34.1/emcc -c  -I../zlib conftest.c >&5
configure:11122: $? = 0
configure:11129: result: yes
configure:11137: checking for size_t
configure:11137: /Users/louis/Projects/emscripten/emsdk_portable/emscripten/tag-1.34.1/emcc -c  -I../zlib conftest.c >&5
configure:11137: $? = 0
configure:11137: /Users/louis/Projects/emscripten/emsdk_portable/emscripten/tag-1.34.1/emcc -c  -I../zlib conftest.c >&5
conftest.c:64:21: error: expected expression
if (sizeof ((size_t)))
                    ^
1 error generated.
ERROR    root: [31mcompiler frontend failed to generate LLVM bitcode, halting[0m
configure:11137: $? = 1
configure: failed program was:
| /* confdefs.h */
| #define PACKAGE_NAME "libpng"
| #define PACKAGE_TARNAME "libpng"
| #define PACKAGE_VERSION "1.4.1"
| #define PACKAGE_STRING "libpng 1.4.1"
| #define PACKAGE_BUGREPORT "png-mng-implement@lists.sourceforge.net"
| #define PACKAGE_URL ""
| #define PACKAGE "libpng"
| #define VERSION "1.4.1"
| #define STDC_HEADERS 1
| #define HAVE_SYS_TYPES_H 1
| #define HAVE_SYS_STAT_H 1
| #define HAVE_STDLIB_H 1
| #define HAVE_STRING_H 1
| #define HAVE_MEMORY_H 1
| #define HAVE_STRINGS_H 1
| #define HAVE_INTTYPES_H 1
| #define HAVE_STDINT_H 1
| #define HAVE_UNISTD_H 1
| #define HAVE_DLFCN_H 1
| #define LT_OBJDIR ".libs/"
| #define STDC_HEADERS 1
| #define HAVE_MALLOC_H 1
| #define HAVE_STDLIB_H 1
| #define HAVE_STRING_H 1
| #define HAVE_STRINGS_H 1
| /* end confdefs.h.  */
| #include <stdio.h>
| #ifdef HAVE_SYS_TYPES_H
| # include <sys/types.h>
| #endif
| #ifdef HAVE_SYS_STAT_H
| # include <sys/stat.h>
| #endif
| #ifdef STDC_HEADERS
| # include <stdlib.h>
| # include <stddef.h>
| #else
| # ifdef HAVE_STDLIB_H
| #  include <stdlib.h>
| # endif
| #endif
| #ifdef HAVE_STRING_H
| # if !defined STDC_HEADERS && defined HAVE_MEMORY_H
| #  include <memory.h>
| # endif
| # include <string.h>
| #endif
| #ifdef HAVE_STRINGS_H
| # include <strings.h>
| #endif
| #ifdef HAVE_INTTYPES_H
| # include <inttypes.h>
| #endif
| #ifdef HAVE_STDINT_H
| # include <stdint.h>
| #endif
| #ifdef HAVE_UNISTD_H
| # include <unistd.h>
| #endif
| int
| main ()
| {
| if (sizeof ((size_t)))
| 	    return 0;
|   ;
|   return 0;
| }
configure:11137: result: yes
configure:11148: checking whether struct tm is in sys/time.h or time.h
configure:11168: /Users/louis/Projects/emscripten/emsdk_portable/emscripten/tag-1.34.1/emcc -c  -I../zlib conftest.c >&5
configure:11168: $? = 0
configure:11175: result: time.h
configure:11185: checking for working strtod
configure:11226: /Users/louis/Projects/emscripten/emsdk_portable/emscripten/tag-1.34.1/emcc -o conftest  -I../zlib -L../zlib conftest.c  >&5
configure:11226: $? = 0
configure:11226: ./conftest
configure:11226: $? = 0
configure:11236: result: yes
configure:11300: checking for memset
configure:11300: /Users/louis/Projects/emscripten/emsdk_portable/emscripten/tag-1.34.1/emcc -o conftest  -I../zlib -L../zlib conftest.c  >&5
conftest.c:51:6: warning: incompatible redeclaration of library function 'memset' [-Wincompatible-library-redeclaration]
char memset ();
     ^
conftest.c:51:6: note: 'memset' is a builtin with type 'void *(void *, int, unsigned int)'
1 warning generated.
[0;33mwarning:[0m unexpected number of arguments 0 in call to 'memset', should be 1
configure:11300: $? = 0
configure:11300: result: yes
configure:11313: checking for pow
configure:11313: /Users/louis/Projects/emscripten/emsdk_portable/emscripten/tag-1.34.1/emcc -o conftest  -I../zlib -L../zlib conftest.c  >&5
conftest.c:52:6: warning: incompatible redeclaration of library function 'pow' [-Wincompatible-library-redeclaration]
char pow ();
     ^
conftest.c:52:6: note: 'pow' is a builtin with type 'double (double, double)'
1 warning generated.
[0;33mwarning:[0m unexpected number of arguments 0 in call to 'pow', should be 1
configure:11313: $? = 0
configure:11313: result: yes
configure:11370: checking for zlibVersion in -lz
configure:11395: /Users/louis/Projects/emscripten/emsdk_portable/emscripten/tag-1.34.1/emcc -o conftest  -I../zlib -L../zlib conftest.c -lz   >&5
configure:11395: $? = 0
configure:11404: result: yes
configure:11427: checking if libraries can be versioned
configure:11436: result: no
configure:11438: WARNING: *** You have not enabled versioned symbols.
configure:11480: pkgconfig directory is ${libdir}/pkgconfig
configure:11632: creating ./config.status

## ---------------------- ##
## Running config.status. ##
## ---------------------- ##

This file was extended by libpng config.status 1.4.1, which was
generated by GNU Autoconf 2.65.  Invocation command line was

  CONFIG_FILES    = 
  CONFIG_HEADERS  = 
  CONFIG_LINKS    = 
  CONFIG_COMMANDS = 
  $ ./config.status 

on xxx

config.status:1087: creating Makefile
config.status:1087: creating libpng.pc
config.status:1087: creating libpng-config
config.status:1087: creating config.h
config.status:1307: executing depfiles commands
config.status:1307: executing libtool commands

## ---------------- ##
## Cache variables. ##
## ---------------- ##

ac_cv_build=i386-apple-darwin14.1.0
ac_cv_c_compiler_gnu=yes
ac_cv_c_const=yes
ac_cv_env_CC_set=set
ac_cv_env_CC_value=/Users/louis/Projects/emscripten/emsdk_portable/emscripten/tag-1.34.1/emcc
ac_cv_env_CFLAGS_set=set
ac_cv_env_CFLAGS_value=
ac_cv_env_CPPFLAGS_set=set
ac_cv_env_CPPFLAGS_value=-I../zlib
ac_cv_env_CPP_set=
ac_cv_env_CPP_value=
ac_cv_env_LDFLAGS_set=set
ac_cv_env_LDFLAGS_value=-L../zlib
ac_cv_env_LIBS_set=
ac_cv_env_LIBS_value=
ac_cv_env_build_alias_set=
ac_cv_env_build_alias_value=
ac_cv_env_host_alias_set=
ac_cv_env_host_alias_value=
ac_cv_env_target_alias_set=
ac_cv_env_target_alias_value=
ac_cv_func_memset=yes
ac_cv_func_pow=yes
ac_cv_func_strtod=yes
ac_cv_header_dlfcn_h=yes
ac_cv_header_inttypes_h=yes
ac_cv_header_malloc_h=yes
ac_cv_header_memory_h=yes
ac_cv_header_stdc=yes
ac_cv_header_stdint_h=yes
ac_cv_header_stdlib_h=yes
ac_cv_header_string_h=yes
ac_cv_header_strings_h=yes
ac_cv_header_sys_stat_h=yes
ac_cv_header_sys_types_h=yes
ac_cv_header_unistd_h=yes
ac_cv_host=i386-apple-darwin14.1.0
ac_cv_lib_z_zlibVersion=yes
ac_cv_objext=o
ac_cv_path_EGREP='/usr/bin/grep -E'
ac_cv_path_FGREP='/usr/bin/grep -F'
ac_cv_path_GREP=/usr/bin/grep
ac_cv_path_SED=/usr/bin/sed
ac_cv_path_install='/usr/bin/install -c'
ac_cv_prog_AWK=awk
ac_cv_prog_CPP='/Users/louis/Projects/emscripten/emsdk_portable/emscripten/tag-1.34.1/emcc -E'
ac_cv_prog_ac_ct_AR=/Users/louis/Projects/emscripten/emsdk_portable/emscripten/tag-1.34.1/emar
ac_cv_prog_ac_ct_CC=/Users/louis/Projects/emscripten/emsdk_portable/emscripten/tag-1.34.1/emcc
ac_cv_prog_ac_ct_DSYMUTIL=dsymutil
ac_cv_prog_ac_ct_LIPO=lipo
ac_cv_prog_ac_ct_NMEDIT=nmedit
ac_cv_prog_ac_ct_OBJDUMP=objdump
ac_cv_prog_ac_ct_OTOOL=otool
ac_cv_prog_ac_ct_RANLIB=/Users/louis/Projects/emscripten/emsdk_portable/emscripten/tag-1.34.1/emranlib
ac_cv_prog_ac_ct_SED=/usr/bin/sed
ac_cv_prog_ac_ct_STRIP=strip
ac_cv_prog_cc_c89=
ac_cv_prog_cc_g=yes
ac_cv_prog_make_make_set=yes
ac_cv_struct_tm=time.h
ac_cv_type_size_t=yes
am_cv_CC_dependencies_compiler_type=gcc3
lt_cv_apple_cc_single_mod=no
lt_cv_deplibs_check_method=pass_all
lt_cv_file_magic_cmd='$MAGIC_CMD'
lt_cv_file_magic_test_file=
lt_cv_ld_exported_symbols_list=yes
lt_cv_ld_reload_flag=-r
lt_cv_nm_interface='BSD nm'
lt_cv_objdir=.libs
lt_cv_path_LD=/Users/louis/Projects/emscripten/emsdk_portable/emscripten/tag-1.34.1/emcc
lt_cv_path_NM=/usr/bin/nm
lt_cv_prog_compiler_c_o=yes
lt_cv_prog_compiler_pic_works=yes
lt_cv_prog_compiler_rtti_exceptions=yes
lt_cv_prog_compiler_static_works=yes
lt_cv_prog_gnu_ld=yes
lt_cv_sys_global_symbol_pipe=
lt_cv_sys_global_symbol_to_c_name_address='sed -n -e '\''s/^: \([^ ]*\) $/  {\"\1\", (void *) 0},/p'\'' -e '\''s/^[BCDEGRST]* \([^ ]*\) \([^ ]*\)$/  {"\2", (void *) \&\2},/p'\'''
lt_cv_sys_global_symbol_to_c_name_address_lib_prefix='sed -n -e '\''s/^: \([^ ]*\) $/  {\"\1\", (void *) 0},/p'\'' -e '\''s/^[BCDEGRST]* \([^ ]*\) \(lib[^ ]*\)$/  {"\2", (void *) \&\2},/p'\'' -e '\''s/^[BCDEGRST]* \([^ ]*\) \([^ ]*\)$/  {"lib\2", (void *) \&\2},/p'\'''
lt_cv_sys_global_symbol_to_cdecl=
lt_cv_sys_max_cmd_len=196608

## ----------------- ##
## Output variables. ##
## ----------------- ##

ACLOCAL='${SHELL} /Users/louis/Projects/LUGARU/lugaru/Dependencies/libpng/missing --run aclocal-1.11'
AMDEPBACKSLASH='\'
AMDEP_FALSE='#'
AMDEP_TRUE=''
AMTAR='${SHELL} /Users/louis/Projects/LUGARU/lugaru/Dependencies/libpng/missing --run tar'
AR='/Users/louis/Projects/emscripten/emsdk_portable/emscripten/tag-1.34.1/emar'
AS='as'
AUTOCONF='${SHELL} /Users/louis/Projects/LUGARU/lugaru/Dependencies/libpng/missing --run autoconf'
AUTOHEADER='${SHELL} /Users/louis/Projects/LUGARU/lugaru/Dependencies/libpng/missing --run autoheader'
AUTOMAKE='${SHELL} /Users/louis/Projects/LUGARU/lugaru/Dependencies/libpng/missing --run automake-1.11'
AWK='awk'
CC='/Users/louis/Projects/emscripten/emsdk_portable/emscripten/tag-1.34.1/emcc'
CCDEPMODE='depmode=gcc3'
CFLAGS=''
CPP='/Users/louis/Projects/emscripten/emsdk_portable/emscripten/tag-1.34.1/emcc -E'
CPPFLAGS='-I../zlib'
CYGPATH_W='echo'
DEFS='-DHAVE_CONFIG_H'
DEPDIR='.deps'
DLLTOOL='dlltool'
DSYMUTIL='dsymutil'
DUMPBIN=''
ECHO_C='\c'
ECHO_N=''
ECHO_T=''
EGREP='/usr/bin/grep -E'
EXEEXT=''
FGREP='/usr/bin/grep -F'
GREP='/usr/bin/grep'
HAVE_LD_VERSION_SCRIPT_FALSE=''
HAVE_LD_VERSION_SCRIPT_TRUE='#'
INSTALL_DATA='${INSTALL} -m 644'
INSTALL_PROGRAM='${INSTALL}'
INSTALL_SCRIPT='${INSTALL}'
INSTALL_STRIP_PROGRAM='$(install_sh) -c -s'
LD='/Users/louis/Projects/emscripten/emsdk_portable/emscripten/tag-1.34.1/emcc'
LDFLAGS='-L../zlib'
LIBOBJS=''
LIBPNG_DEFINES='-DPNG_CONFIGURE_LIBPNG'
LIBS='-lz '
LIBTOOL='$(SHELL) $(top_builddir)/libtool'
LIPO='lipo'
LN_S='ln -s'
LTLIBOBJS=''
MAINT='#'
MAINTAINER_MODE_FALSE=''
MAINTAINER_MODE_TRUE='#'
MAKEINFO='${SHELL} /Users/louis/Projects/LUGARU/lugaru/Dependencies/libpng/missing --run makeinfo'
MKDIR_P='./install-sh -c -d'
NM='/usr/bin/nm'
NMEDIT='nmedit'
OBJDUMP='objdump'
OBJEXT='o'
OTOOL64=':'
OTOOL='otool'
PACKAGE='libpng'
PACKAGE_BUGREPORT='png-mng-implement@lists.sourceforge.net'
PACKAGE_NAME='libpng'
PACKAGE_STRING='libpng 1.4.1'
PACKAGE_TARNAME='libpng'
PACKAGE_URL=''
PACKAGE_VERSION='1.4.1'
PATH_SEPARATOR=':'
PNGLIB_MAJOR='1'
PNGLIB_MINOR='4'
PNGLIB_RELEASE='1'
PNGLIB_VERSION='1.4.1'
POW_LIB=''
RANLIB='/Users/louis/Projects/emscripten/emsdk_portable/emscripten/tag-1.34.1/emranlib'
SED='/usr/bin/sed'
SET_MAKE=''
SHELL='/bin/sh'
STRIP='strip'
SYMBOL_PREFIX=''
VERSION='1.4.1'
ac_ct_CC='/Users/louis/Projects/emscripten/emsdk_portable/emscripten/tag-1.34.1/emcc'
ac_ct_DUMPBIN=''
am__EXEEXT_FALSE=''
am__EXEEXT_TRUE='#'
am__fastdepCC_FALSE='#'
am__fastdepCC_TRUE=''
am__include='include'
am__isrc=''
am__leading_dot='.'
am__quote=''
am__tar='${AMTAR} chof - "$$tardir"'
am__untar='${AMTAR} xf -'
binconfigs='${binconfigs}'
bindir='${exec_prefix}/bin'
build='i386-apple-darwin14.1.0'
build_alias=''
build_cpu='i386'
build_os='darwin14.1.0'
build_vendor='apple'
datadir='${datarootdir}'
datarootdir='${prefix}/share'
docdir='${datarootdir}/doc/${PACKAGE_TARNAME}'
dvidir='${docdir}'
exec_prefix='${prefix}'
host='i386-apple-darwin14.1.0'
host_alias=''
host_cpu='i386'
host_os='darwin14.1.0'
host_vendor='apple'
htmldir='${docdir}'
includedir='${prefix}/include'
infodir='${datarootdir}/info'
install_sh='${SHELL} /Users/louis/Projects/LUGARU/lugaru/Dependencies/libpng/install-sh'
libdir='${exec_prefix}/lib'
libexecdir='${exec_prefix}/libexec'
localedir='${datarootdir}/locale'
localstatedir='${prefix}/var'
lt_ECHO='/bin/echo'
mandir='${datarootdir}/man'
mkdir_p='$(top_builddir)/./install-sh -c -d'
oldincludedir='/usr/include'
pdfdir='${docdir}'
pkgconfigdir='${libdir}/pkgconfig'
prefix='/usr/local'
program_transform_name='s,x,x,'
psdir='${docdir}'
sbindir='${exec_prefix}/sbin'
sharedstatedir='${prefix}/com'
sysconfdir='${prefix}/etc'
target_alias=''

## ----------- ##
## confdefs.h. ##
## ----------- ##

/* confdefs.h */
#define PACKAGE_NAME "libpng"
#define PACKAGE_TARNAME "libpng"
#define PACKAGE_VERSION "1.4.1"
#define PACKAGE_STRING "libpng 1.4.1"
#define PACKAGE_BUGREPORT "png-mng-implement@lists.sourceforge.net"
#define PACKAGE_URL ""
#define PACKAGE "libpng"
#define VERSION "1.4.1"
#define STDC_HEADERS 1
#define HAVE_SYS_TYPES_H 1
#define HAVE_SYS_STAT_H 1
#define HAVE_STDLIB_H 1
#define HAVE_STRING_H 1
#define HAVE_MEMORY_H 1
#define HAVE_STRINGS_H 1
#define HAVE_INTTYPES_H 1
#define HAVE_STDINT_H 1
#define HAVE_UNISTD_H 1
#define HAVE_DLFCN_H 1
#define LT_OBJDIR ".libs/"
#define STDC_HEADERS 1
#define HAVE_MALLOC_H 1
#define HAVE_STDLIB_H 1
#define HAVE_STRING_H 1
#define HAVE_STRINGS_H 1
#define HAVE_MEMSET 1
#define HAVE_POW 1
#define HAVE_LIBZ 1

configure: exit 0
